<?xml version="1.0" encoding="UTF-8"?>
<!-- Generated by org.testng.reporters.JUnitReportReporter -->
<testsuite hostname="DESKTOP-T8QN43C" failures="0" tests="1" name="com.Actitime.Testscripts.CreateCustomer" time="10.413" errors="0" timestamp="2023-10-07T16:05:34 IST" skipped="0">
  <testcase classname="com.Actitime.Testscripts.CreateCustomer" name="create" time="10.413"/>
  <system-out>
    <![CDATA[database connected
browser launched
logged in successfully
logged out successfully
browser closed
data base disconnected]]>
  </system-out>
</testsuite> <!-- com.Actitime.Testscripts.CreateCustomer -->
